[2019-10-15 11:05:07] local.ERROR: syntax error, unexpected '<', expecting end of file {"exception":"[object] (Symfony\\Component\\Debug\\Exception\\FatalThrowableError(code: 0): syntax error, unexpected '<', expecting end of file at C:\\Users\\Hymed\\Desktop\\Formation_PHP_2019\\Wamp\\www\\test\outes\\web.php:18)
[stacktrace]
#0 C:\\Users\\Hymed\\Desktop\\Formation_PHP_2019\\Wamp\\www\\test\\vendor\\laravel\\framework\\src\\Illuminate\\Routing\\Router.php(415): Illuminate\\Routing\\RouteFileRegistrar->register('C:\\\\Users\\\\Hymed\\\\...')
#1 C:\\Users\\Hymed\\Desktop\\Formation_PHP_2019\\Wamp\\www\\test\\vendor\\laravel\\framework\\src\\Illuminate\\Routing\\Router.php(373): Illuminate\\Routing\\Router->loadRoutes('C:\\\\Users\\\\Hymed\\\\...')
#2 C:\\Users\\Hymed\\Desktop\\Formation_PHP_2019\\Wamp\\www\\test\\vendor\\laravel\\framework\\src\\Illuminate\\Routing\\RouteRegistrar.php(121): Illuminate\\Routing\\Router->group(Array, 'C:\\\\Users\\\\Hymed\\\\...')
#3 C:\\Users\\Hymed\\Desktop\\Formation_PHP_2019\\Wamp\\www\\test\\app\\Providers\\RouteServiceProvider.php(56): Illuminate\\Routing\\RouteRegistrar->group('C:\\\\Users\\\\Hymed\\\\...')
#4 C:\\Users\\Hymed\\Desktop\\Formation_PHP_2019\\Wamp\\www\\test\\app\\Providers\\RouteServiceProvider.php(40): App\\Providers\\RouteServiceProvider->mapWebRoutes()
#5 [internal function]: App\\Providers\\RouteServiceProvider->map()
#6 C:\\Users\\Hymed\\Desktop\\Formation_PHP_2019\\Wamp\\www\\test\\vendor\\laravel\\framework\\src\\Illuminate\\Container\\BoundMethod.php(32): call_user_func_array(Array, Array)
#7 C:\\Users\\Hymed\\Desktop\\Formation_PHP_2019\\Wamp\\www\\test\\vendor\\laravel\\framework\\src\\Illuminate\\Support\\helpers.php(522): Illuminate\\Container\\BoundMethod::Illuminate\\Container\\{closure}()
#8 C:\\Users\\Hymed\\Desktop\\Formation_PHP_2019\\Wamp\\www\\test\\vendor\\laravel\\framework\\src\\Illuminate\\Container\\BoundMethod.php(90): value(Object(Closure))
#9 C:\\Users\\Hymed\\Desktop\\Formation_PHP_2019\\Wamp\\www\\test\\vendor\\laravel\\framework\\src\\Illuminate\\Container\\BoundMethod.php(34): Illuminate\\Container\\BoundMethod::callBoundMethod(Object(Illuminate\\Foundation\\Application), Array, Object(Closure))
#10 C:\\Users\\Hymed\\Desktop\\Formation_PHP_2019\\Wamp\\www\\test\\vendor\\laravel\\framework\\src\\Illuminate\\Container\\Container.php(591): Illuminate\\Container\\BoundMethod::call(Object(Illuminate\\Foundation\\Application), Array, Array, NULL)
#11 C:\\Users\\Hymed\\Desktop\\Formation_PHP_2019\\Wamp\\www\\test\\vendor\\laravel\\framework\\src\\Illuminate\\Foundation\\Support\\Providers\\RouteServiceProvider.php(87): Illuminate\\Container\\Container->call(Array)
#12 C:\\Users\\Hymed\\Desktop\\Formation_PHP_2019\\Wamp\\www\\test\\vendor\\laravel\\framework\\src\\Illuminate\\Foundation\\Support\\Providers\\RouteServiceProvider.php(36): Illuminate\\Foundation\\Support\\Providers\\RouteServiceProvider->loadRoutes()
#13 C:\\Users\\Hymed\\Desktop\\Formation_PHP_2019\\Wamp\\www\\test\\app\\Providers\\RouteServiceProvider.php(28): Illuminate\\Foundation\\Support\\Providers\\RouteServiceProvider->boot()
#14 [internal function]: App\\Providers\\RouteServiceProvider->boot()
#15 C:\\Users\\Hymed\\Desktop\\Formation_PHP_2019\\Wamp\\www\\test\\vendor\\laravel\\framework\\src\\Illuminate\\Container\\BoundMethod.php(32): call_user_func_array(Array, Array)
#16 C:\\Users\\Hymed\\Desktop\\Formation_PHP_2019\\Wamp\\www\\test\\vendor\\laravel\\framework\\src\\Illuminate\\Support\\helpers.php(522): Illuminate\\Container\\BoundMethod::Illuminate\\Container\\{closure}()
#17 C:\\Users\\Hymed\\Desktop\\Formation_PHP_2019\\Wamp\\www\\test\\vendor\\laravel\\framework\\src\\Illuminate\\Container\\BoundMethod.php(90): value(Object(Closure))
#18 C:\\Users\\Hymed\\Desktop\\Formation_PHP_2019\\Wamp\\www\\test\\vendor\\laravel\\framework\\src\\Illuminate\\Container\\BoundMethod.php(34): Illuminate\\Container\\BoundMethod::callBoundMethod(Object(Illuminate\\Foundation\\Application), Array, Object(Closure))
#19 C:\\Users\\Hymed\\Desktop\\Formation_PHP_2019\\Wamp\\www\\test\\vendor\\laravel\\framework\\src\\Illuminate\\Container\\Container.php(591): Illuminate\\Container\\BoundMethod::call(Object(Illuminate\\Foundation\\Application), Array, Array, NULL)
#20 C:\\Users\\Hymed\\Desktop\\Formation_PHP_2019\\Wamp\\www\\test\\vendor\\laravel\\framework\\src\\Illuminate\\Foundation\\Application.php(828): Illuminate\\Container\\Container->call(Array)
#21 C:\\Users\\Hymed\\Desktop\\Formation_PHP_2019\\Wamp\\www\\test\\vendor\\laravel\\framework\\src\\Illuminate\\Foundation\\Application.php(811): Illuminate\\Foundation\\Application->bootProvider(Object(App\\Providers\\RouteServiceProvider))
#22 [internal function]: Illuminate\\Foundation\\Application->Illuminate\\Foundation\\{closure}(Object(App\\Providers\\RouteServiceProvider), 22)
#23 C:\\Users\\Hymed\\Desktop\\Formation_PHP_2019\\Wamp\\www\\test\\vendor\\laravel\\framework\\src\\Illuminate\\Foundation\\Application.php(812): array_walk(Array, Object(Closure))
#24 C:\\Users\\Hymed\\Desktop\\Formation_PHP_2019\\Wamp\\www\\test\\vendor\\laravel\\framework\\src\\Illuminate\\Foundation\\Bootstrap\\BootProviders.php(17): Illuminate\\Foundation\\Application->boot()
#25 C:\\Users\\Hymed\\Desktop\\Formation_PHP_2019\\Wamp\\www\\test\\vendor\\laravel\\framework\\src\\Illuminate\\Foundation\\Application.php(211): Illuminate\\Foundation\\Bootstrap\\BootProviders->bootstrap(Object(Illuminate\\Foundation\\Application))
#26 C:\\Users\\Hymed\\Desktop\\Formation_PHP_2019\\Wamp\\www\\test\\vendor\\laravel\\framework\\src\\Illuminate\\Foundation\\Http\\Kernel.php(162): Illuminate\\Foundation\\Application->bootstrapWith(Array)
#27 C:\\Users\\Hymed\\Desktop\\Formation_PHP_2019\\Wamp\\www\\test\\vendor\\laravel\\framework\\src\\Illuminate\\Foundation\\Http\\Kernel.php(146): Illuminate\\Foundation\\Http\\Kernel->bootstrap()
#28 C:\\Users\\Hymed\\Desktop\\Formation_PHP_2019\\Wamp\\www\\test\\vendor\\laravel\\framework\\src\\Illuminate\\Foundation\\Http\\Kernel.php(116): Illuminate\\Foundation\\Http\\Kernel->sendRequestThroughRouter(Object(Illuminate\\Http\\Request))
#29 C:\\Users\\Hymed\\Desktop\\Formation_PHP_2019\\Wamp\\www\\test\\public\\index.php(55): Illuminate\\Foundation\\Http\\Kernel->handle(Object(Illuminate\\Http\\Request))
#30 {main}
"} 
